Initital Cache Settings
--------------
(C,B,S): (15,5,x)
Assume Virtual Addresses
	log2(Page Size): 13
	log2(TLB entries): 6
	log2(Physical Pages in Memory): 19


Legalized Cache Settings
--------------
(C,B,S): (15,5,4)
Assume Virtual Addresses
	log2(Page Size): 13
	log2(TLB entries): 6
	log2(Physical Pages in Memory): 19

Cache Statistics
----------------
Reads: 482548
Writes: 17452

HWIVPT accesses: 93
HWIVPT hits: 2
HWIVPT misses (Page Faults): 91
HWIVPT hit ratio: 0.022
HWIVPT miss ratio: 0.978
L1 writebacks due to OS cache flush: 1003

TLB accesses: 500000
TLB hits: 499907
TLB misses (Translation Faults): 93
TLB hit ratio: 1.000
TLB miss ratio: 0.000

L1 accesses: 500000
L1 hits: 496787
L1 misses: 3213
L1 hit ratio: 0.994
L1 miss ratio: 0.006
L1 writebacks due user level conflicts: 0
L1 average access time (AAT): 3.464

