Initital Cache Settings
--------------
(C,B,S): (14,5,x)
Assume Virtual Addresses
	log2(Page Size): 12
	log2(TLB entries): 5
	log2(Physical Pages in Memory): 20


Legalized Cache Settings
--------------
(C,B,S): (14,5,2)
Assume Virtual Addresses
	log2(Page Size): 12
	log2(TLB entries): 5
	log2(Physical Pages in Memory): 20

Cache Statistics
----------------
Reads: 482548
Writes: 17452

HWIVPT accesses: 286
HWIVPT hits: 158
HWIVPT misses (Page Faults): 128
HWIVPT hit ratio: 0.552
HWIVPT miss ratio: 0.448
L1 writebacks due to OS cache flush: 1513

TLB accesses: 500000
TLB hits: 499714
TLB misses (Translation Faults): 286
TLB hit ratio: 0.999
TLB miss ratio: 0.001

L1 accesses: 500000
L1 hits: 491770
L1 misses: 8230
L1 hit ratio: 0.984
L1 miss ratio: 0.016
L1 writebacks due user level conflicts: 1649
L1 average access time (AAT): 4.114

