Initital Cache Settings
--------------
(C,B,S): (14,5,x)
Assume Virtual Addresses
	log2(Page Size): 12
	log2(TLB entries): 7
	log2(Physical Pages in Memory): 20


Legalized Cache Settings
--------------
(C,B,S): (14,5,2)
Assume Virtual Addresses
	log2(Page Size): 12
	log2(TLB entries): 7
	log2(Physical Pages in Memory): 20

Cache Statistics
----------------
Reads: 482548
Writes: 17452

HWIVPT accesses: 128
HWIVPT hits: 0
HWIVPT misses (Page Faults): 128
HWIVPT hit ratio: 0.000
HWIVPT miss ratio: 1.000
L1 writebacks due to OS cache flush: 1513

TLB accesses: 500000
TLB hits: 499872
TLB misses (Translation Faults): 128
TLB hit ratio: 1.000
TLB miss ratio: 0.000

L1 accesses: 500000
L1 hits: 491770
L1 misses: 8230
L1 hit ratio: 0.984
L1 miss ratio: 0.016
L1 writebacks due user level conflicts: 1649
L1 average access time (AAT): 4.076

