Initital Cache Settings
--------------
(C,B,S): (15,6,x)
Assume Virtual Addresses
	log2(Page Size): 13
	log2(TLB entries): 5
	log2(Physical Pages in Memory): 19


Legalized Cache Settings
--------------
(C,B,S): (15,6,4)
Assume Virtual Addresses
	log2(Page Size): 13
	log2(TLB entries): 5
	log2(Physical Pages in Memory): 19

Cache Statistics
----------------
Reads: 482548
Writes: 17452

HWIVPT accesses: 169
HWIVPT hits: 78
HWIVPT misses (Page Faults): 91
HWIVPT hit ratio: 0.462
HWIVPT miss ratio: 0.538
L1 writebacks due to OS cache flush: 643

TLB accesses: 500000
TLB hits: 499831
TLB misses (Translation Faults): 169
TLB hit ratio: 1.000
TLB miss ratio: 0.000

L1 accesses: 500000
L1 hits: 497761
L1 misses: 2239
L1 hit ratio: 0.996
L1 miss ratio: 0.004
L1 writebacks due user level conflicts: 0
L1 average access time (AAT): 3.288

