Initital Cache Settings
--------------
(C,B,S): (14,7,x)
Assume Virtual Addresses
	log2(Page Size): 14
	log2(TLB entries): 5
	log2(Physical Pages in Memory): 18


Legalized Cache Settings
--------------
(C,B,S): (14,7,0)
Assume Virtual Addresses
	log2(Page Size): 14
	log2(TLB entries): 5
	log2(Physical Pages in Memory): 18

Cache Statistics
----------------
Reads: 482548
Writes: 17452

HWIVPT accesses: 78
HWIVPT hits: 17
HWIVPT misses (Page Faults): 61
HWIVPT hit ratio: 0.218
HWIVPT miss ratio: 0.782
L1 writebacks due to OS cache flush: 345

TLB accesses: 500000
TLB hits: 499922
TLB misses (Translation Faults): 78
TLB hit ratio: 1.000
TLB miss ratio: 0.000

L1 accesses: 500000
L1 hits: 484276
L1 misses: 15724
L1 hit ratio: 0.969
L1 miss ratio: 0.031
L1 writebacks due user level conflicts: 2770
L1 average access time (AAT): 5.163

