Initital Cache Settings
--------------
(C,B,S): (15,6,x)
Assume Virtual Addresses
	log2(Page Size): 14
	log2(TLB entries): 8
	log2(Physical Pages in Memory): 18


Legalized Cache Settings
--------------
(C,B,S): (15,6,1)
Assume Virtual Addresses
	log2(Page Size): 14
	log2(TLB entries): 8
	log2(Physical Pages in Memory): 18

Cache Statistics
----------------
Reads: 315500
Writes: 184500

HWIVPT accesses: 136
HWIVPT hits: 0
HWIVPT misses (Page Faults): 136
HWIVPT hit ratio: 0.000
HWIVPT miss ratio: 1.000
L1 writebacks due to OS cache flush: 4646

TLB accesses: 500000
TLB hits: 499864
TLB misses (Translation Faults): 136
TLB hit ratio: 1.000
TLB miss ratio: 0.000

L1 accesses: 500000
L1 hits: 485479
L1 misses: 14521
L1 hit ratio: 0.971
L1 miss ratio: 0.029
L1 writebacks due user level conflicts: 1902
L1 average access time (AAT): 5.136

