Initital Cache Settings
--------------
(C,B,S): (13,5,x)
Assume Virtual Addresses
	log2(Page Size): 13
	log2(TLB entries): 8
	log2(Physical Pages in Memory): 19


Legalized Cache Settings
--------------
(C,B,S): (13,5,0)
Assume Virtual Addresses
	log2(Page Size): 13
	log2(TLB entries): 8
	log2(Physical Pages in Memory): 19

Cache Statistics
----------------
Reads: 315500
Writes: 184500

HWIVPT accesses: 186
HWIVPT hits: 0
HWIVPT misses (Page Faults): 186
HWIVPT hit ratio: 0.000
HWIVPT miss ratio: 1.000
L1 writebacks due to OS cache flush: 6120

TLB accesses: 500000
TLB hits: 499814
TLB misses (Translation Faults): 186
TLB hit ratio: 1.000
TLB miss ratio: 0.000

L1 accesses: 500000
L1 hits: 448039
L1 misses: 51961
L1 hit ratio: 0.896
L1 miss ratio: 0.104
L1 writebacks due user level conflicts: 16184
L1 average access time (AAT): 12.436

