Initital Cache Settings
--------------
(C,B,S): (13,5,x)
Assume Virtual Addresses
	log2(Page Size): 12
	log2(TLB entries): 5
	log2(Physical Pages in Memory): 20


Legalized Cache Settings
--------------
(C,B,S): (13,5,1)
Assume Virtual Addresses
	log2(Page Size): 12
	log2(TLB entries): 5
	log2(Physical Pages in Memory): 20

Cache Statistics
----------------
Reads: 315500
Writes: 184500

HWIVPT accesses: 7602
HWIVPT hits: 7353
HWIVPT misses (Page Faults): 249
HWIVPT hit ratio: 0.967
HWIVPT miss ratio: 0.033
L1 writebacks due to OS cache flush: 8861

TLB accesses: 500000
TLB hits: 492398
TLB misses (Translation Faults): 7602
TLB hit ratio: 0.985
TLB miss ratio: 0.015

L1 accesses: 500000
L1 hits: 462974
L1 misses: 37026
L1 hit ratio: 0.926
L1 miss ratio: 0.074
L1 writebacks due user level conflicts: 9485
L1 average access time (AAT): 11.429

