Initital Cache Settings
--------------
(C,B,S): (15,6,x)
Assume Virtual Addresses
	log2(Page Size): 13
	log2(TLB entries): 6
	log2(Physical Pages in Memory): 19


Legalized Cache Settings
--------------
(C,B,S): (15,6,3)
Assume Virtual Addresses
	log2(Page Size): 13
	log2(TLB entries): 6
	log2(Physical Pages in Memory): 19

Cache Statistics
----------------
Reads: 315500
Writes: 184500

HWIVPT accesses: 1457
HWIVPT hits: 1271
HWIVPT misses (Page Faults): 186
HWIVPT hit ratio: 0.872
HWIVPT miss ratio: 0.128
L1 writebacks due to OS cache flush: 5970

TLB accesses: 500000
TLB hits: 498543
TLB misses (Translation Faults): 1457
TLB hit ratio: 0.997
TLB miss ratio: 0.003

L1 accesses: 500000
L1 hits: 485585
L1 misses: 14415
L1 hit ratio: 0.971
L1 miss ratio: 0.029
L1 writebacks due user level conflicts: 369
L1 average access time (AAT): 5.829

