Initital Cache Settings
--------------
(C,B,S): (13,5,x)
Assume Virtual Addresses
	log2(Page Size): 12
	log2(TLB entries): 6
	log2(Physical Pages in Memory): 20


Legalized Cache Settings
--------------
(C,B,S): (13,5,2)
Assume Virtual Addresses
	log2(Page Size): 12
	log2(TLB entries): 6
	log2(Physical Pages in Memory): 20

Cache Statistics
----------------
Reads: 315500
Writes: 184500

HWIVPT accesses: 2423
HWIVPT hits: 2174
HWIVPT misses (Page Faults): 249
HWIVPT hit ratio: 0.897
HWIVPT miss ratio: 0.103
L1 writebacks due to OS cache flush: 8564

TLB accesses: 500000
TLB hits: 497577
TLB misses (Translation Faults): 2423
TLB hit ratio: 0.995
TLB miss ratio: 0.005

L1 accesses: 500000
L1 hits: 470663
L1 misses: 29337
L1 hit ratio: 0.941
L1 miss ratio: 0.059
L1 writebacks due user level conflicts: 5118
L1 average access time (AAT): 8.848

