Initital Cache Settings
--------------
(C,B,S): (15,5,x)
Assume Virtual Addresses
	log2(Page Size): 14
	log2(TLB entries): 7
	log2(Physical Pages in Memory): 18


Legalized Cache Settings
--------------
(C,B,S): (15,5,1)
Assume Virtual Addresses
	log2(Page Size): 14
	log2(TLB entries): 7
	log2(Physical Pages in Memory): 18

Cache Statistics
----------------
Reads: 315500
Writes: 184500

HWIVPT accesses: 137
HWIVPT hits: 1
HWIVPT misses (Page Faults): 136
HWIVPT hit ratio: 0.007
HWIVPT miss ratio: 0.993
L1 writebacks due to OS cache flush: 8068

TLB accesses: 500000
TLB hits: 499863
TLB misses (Translation Faults): 137
TLB hit ratio: 1.000
TLB miss ratio: 0.000

L1 accesses: 500000
L1 hits: 479976
L1 misses: 20024
L1 hit ratio: 0.960
L1 miss ratio: 0.040
L1 writebacks due user level conflicts: 2097
L1 average access time (AAT): 6.237

