Initital Cache Settings
--------------
(C,B,S): (13,6,x)
Assume Virtual Addresses
	log2(Page Size): 12
	log2(TLB entries): 5
	log2(Physical Pages in Memory): 20


Legalized Cache Settings
--------------
(C,B,S): (13,6,1)
Assume Virtual Addresses
	log2(Page Size): 12
	log2(TLB entries): 5
	log2(Physical Pages in Memory): 20

Cache Statistics
----------------
Reads: 494452
Writes: 5548

HWIVPT accesses: 295
HWIVPT hits: 158
HWIVPT misses (Page Faults): 137
HWIVPT hit ratio: 0.536
HWIVPT miss ratio: 0.464
L1 writebacks due to OS cache flush: 590

TLB accesses: 500000
TLB hits: 499705
TLB misses (Translation Faults): 295
TLB hit ratio: 0.999
TLB miss ratio: 0.001

L1 accesses: 500000
L1 hits: 333111
L1 misses: 166889
L1 hit ratio: 0.666
L1 miss ratio: 0.334
L1 writebacks due user level conflicts: 735
L1 average access time (AAT): 35.648

