Initital Cache Settings
--------------
(C,B,S): (15,6,x)
Assume Virtual Addresses
	log2(Page Size): 13
	log2(TLB entries): 5
	log2(Physical Pages in Memory): 19


Legalized Cache Settings
--------------
(C,B,S): (15,6,4)
Assume Virtual Addresses
	log2(Page Size): 13
	log2(TLB entries): 5
	log2(Physical Pages in Memory): 19

Cache Statistics
----------------
Reads: 494452
Writes: 5548

HWIVPT accesses: 174
HWIVPT hits: 77
HWIVPT misses (Page Faults): 97
HWIVPT hit ratio: 0.443
HWIVPT miss ratio: 0.557
L1 writebacks due to OS cache flush: 638

TLB accesses: 500000
TLB hits: 499826
TLB misses (Translation Faults): 174
TLB hit ratio: 1.000
TLB miss ratio: 0.000

L1 accesses: 500000
L1 hits: 496574
L1 misses: 3426
L1 hit ratio: 0.993
L1 miss ratio: 0.007
L1 writebacks due user level conflicts: 0
L1 average access time (AAT): 3.526

