Initital Cache Settings
--------------
(C,B,S): (15,6,x)
Assume Virtual Addresses
	log2(Page Size): 14
	log2(TLB entries): 6
	log2(Physical Pages in Memory): 18


Legalized Cache Settings
--------------
(C,B,S): (15,6,3)
Assume Virtual Addresses
	log2(Page Size): 14
	log2(TLB entries): 6
	log2(Physical Pages in Memory): 18

Cache Statistics
----------------
Reads: 494452
Writes: 5548

HWIVPT accesses: 66
HWIVPT hits: 0
HWIVPT misses (Page Faults): 66
HWIVPT hit ratio: 0.000
HWIVPT miss ratio: 1.000
L1 writebacks due to OS cache flush: 623

TLB accesses: 500000
TLB hits: 499934
TLB misses (Translation Faults): 66
TLB hit ratio: 1.000
TLB miss ratio: 0.000

L1 accesses: 500000
L1 hits: 497264
L1 misses: 2736
L1 hit ratio: 0.995
L1 miss ratio: 0.005
L1 writebacks due user level conflicts: 0
L1 average access time (AAT): 3.163

