Initital Cache Settings
--------------
(C,B,S): (13,5,x)
Assume Virtual Addresses
	log2(Page Size): 12
	log2(TLB entries): 6
	log2(Physical Pages in Memory): 20


Legalized Cache Settings
--------------
(C,B,S): (13,5,2)
Assume Virtual Addresses
	log2(Page Size): 12
	log2(TLB entries): 6
	log2(Physical Pages in Memory): 20

Cache Statistics
----------------
Reads: 494452
Writes: 5548

HWIVPT accesses: 162
HWIVPT hits: 25
HWIVPT misses (Page Faults): 137
HWIVPT hit ratio: 0.154
HWIVPT miss ratio: 0.846
L1 writebacks due to OS cache flush: 947

TLB accesses: 500000
TLB hits: 499838
TLB misses (Translation Faults): 162
TLB hit ratio: 1.000
TLB miss ratio: 0.000

L1 accesses: 500000
L1 hits: 411865
L1 misses: 88135
L1 hit ratio: 0.824
L1 miss ratio: 0.176
L1 writebacks due user level conflicts: 1192
L1 average access time (AAT): 20.065

