Initital Cache Settings
--------------
(C,B,S): (14,5,x)
Assume Virtual Addresses
	log2(Page Size): 13
	log2(TLB entries): 7
	log2(Physical Pages in Memory): 19


Legalized Cache Settings
--------------
(C,B,S): (14,5,1)
Assume Virtual Addresses
	log2(Page Size): 13
	log2(TLB entries): 7
	log2(Physical Pages in Memory): 19

Cache Statistics
----------------
Reads: 494452
Writes: 5548

HWIVPT accesses: 97
HWIVPT hits: 0
HWIVPT misses (Page Faults): 97
HWIVPT hit ratio: 0.000
HWIVPT miss ratio: 1.000
L1 writebacks due to OS cache flush: 807

TLB accesses: 500000
TLB hits: 499903
TLB misses (Translation Faults): 97
TLB hit ratio: 1.000
TLB miss ratio: 0.000

L1 accesses: 500000
L1 hits: 331898
L1 misses: 168102
L1 hit ratio: 0.664
L1 miss ratio: 0.336
L1 writebacks due user level conflicts: 1271
L1 average access time (AAT): 35.843

