Initital Cache Settings
--------------
(C,B,S): (15,7,x)
Assume Virtual Addresses
	log2(Page Size): 14
	log2(TLB entries): 5
	log2(Physical Pages in Memory): 18


Legalized Cache Settings
--------------
(C,B,S): (15,7,3)
Assume Virtual Addresses
	log2(Page Size): 14
	log2(TLB entries): 5
	log2(Physical Pages in Memory): 18

Cache Statistics
----------------
Reads: 494452
Writes: 5548

HWIVPT accesses: 88
HWIVPT hits: 22
HWIVPT misses (Page Faults): 66
HWIVPT hit ratio: 0.250
HWIVPT miss ratio: 0.750
L1 writebacks due to OS cache flush: 403

TLB accesses: 500000
TLB hits: 499912
TLB misses (Translation Faults): 88
TLB hit ratio: 1.000
TLB miss ratio: 0.000

L1 accesses: 500000
L1 hits: 498197
L1 misses: 1803
L1 hit ratio: 0.996
L1 miss ratio: 0.004
L1 writebacks due user level conflicts: 0
L1 average access time (AAT): 2.981

