Initital Cache Settings
--------------
(C,B,S): (15,5,x)
Assume Virtual Addresses
	log2(Page Size): 13
	log2(TLB entries): 6
	log2(Physical Pages in Memory): 19


Legalized Cache Settings
--------------
(C,B,S): (15,5,4)
Assume Virtual Addresses
	log2(Page Size): 13
	log2(TLB entries): 6
	log2(Physical Pages in Memory): 19

Cache Statistics
----------------
Reads: 494452
Writes: 5548

HWIVPT accesses: 100
HWIVPT hits: 3
HWIVPT misses (Page Faults): 97
HWIVPT hit ratio: 0.030
HWIVPT miss ratio: 0.970
L1 writebacks due to OS cache flush: 1052

TLB accesses: 500000
TLB hits: 499900
TLB misses (Translation Faults): 100
TLB hit ratio: 1.000
TLB miss ratio: 0.000

L1 accesses: 500000
L1 hits: 494395
L1 misses: 5605
L1 hit ratio: 0.989
L1 miss ratio: 0.011
L1 writebacks due user level conflicts: 0
L1 average access time (AAT): 3.944

