Initital Cache Settings
--------------
(C,B,S): (13,5,x)
Assume Virtual Addresses
	log2(Page Size): 12
	log2(TLB entries): 7
	log2(Physical Pages in Memory): 20


Legalized Cache Settings
--------------
(C,B,S): (13,5,1)
Assume Virtual Addresses
	log2(Page Size): 12
	log2(TLB entries): 7
	log2(Physical Pages in Memory): 20

Cache Statistics
----------------
Reads: 494452
Writes: 5548

HWIVPT accesses: 137
HWIVPT hits: 0
HWIVPT misses (Page Faults): 137
HWIVPT hit ratio: 0.000
HWIVPT miss ratio: 1.000
L1 writebacks due to OS cache flush: 942

TLB accesses: 500000
TLB hits: 499863
TLB misses (Translation Faults): 137
TLB hit ratio: 1.000
TLB miss ratio: 0.000

L1 accesses: 500000
L1 hits: 331454
L1 misses: 168546
L1 hit ratio: 0.663
L1 miss ratio: 0.337
L1 writebacks due user level conflicts: 1200
L1 average access time (AAT): 35.942

