Initital Cache Settings
--------------
(C,B,S): (13,5,x)
Assume Virtual Addresses
	log2(Page Size): 12
	log2(TLB entries): 5
	log2(Physical Pages in Memory): 20


Legalized Cache Settings
--------------
(C,B,S): (13,5,3)
Assume Virtual Addresses
	log2(Page Size): 12
	log2(TLB entries): 5
	log2(Physical Pages in Memory): 20

Cache Statistics
----------------
Reads: 352008
Writes: 147992

HWIVPT accesses: 17
HWIVPT hits: 0
HWIVPT misses (Page Faults): 17
HWIVPT hit ratio: 0.000
HWIVPT miss ratio: 1.000
L1 writebacks due to OS cache flush: 51

TLB accesses: 500000
TLB hits: 499983
TLB misses (Translation Faults): 17
TLB hit ratio: 1.000
TLB miss ratio: 0.000

L1 accesses: 500000
L1 hits: 498732
L1 misses: 1268
L1 hit ratio: 0.997
L1 miss ratio: 0.003
L1 writebacks due user level conflicts: 69
L1 average access time (AAT): 2.858

