Initital Cache Settings
--------------
(C,B,S): (13,5,x)
Assume Virtual Addresses
	log2(Page Size): 12
	log2(TLB entries): 7
	log2(Physical Pages in Memory): 20


Legalized Cache Settings
--------------
(C,B,S): (13,5,1)
Assume Virtual Addresses
	log2(Page Size): 12
	log2(TLB entries): 7
	log2(Physical Pages in Memory): 20

Cache Statistics
----------------
Reads: 304587
Writes: 195413

HWIVPT accesses: 623
HWIVPT hits: 155
HWIVPT misses (Page Faults): 468
HWIVPT hit ratio: 0.249
HWIVPT miss ratio: 0.751
L1 writebacks due to OS cache flush: 16391

TLB accesses: 500000
TLB hits: 499377
TLB misses (Translation Faults): 623
TLB hit ratio: 0.999
TLB miss ratio: 0.001

L1 accesses: 500000
L1 hits: 469383
L1 misses: 30617
L1 hit ratio: 0.939
L1 miss ratio: 0.061
L1 writebacks due user level conflicts: 1059
L1 average access time (AAT): 8.472

