Initital Cache Settings
--------------
(C,B,S): (13,6,x)
Assume Virtual Addresses
	log2(Page Size): 13
	log2(TLB entries): 7
	log2(Physical Pages in Memory): 19


Legalized Cache Settings
--------------
(C,B,S): (13,6,0)
Assume Virtual Addresses
	log2(Page Size): 13
	log2(TLB entries): 7
	log2(Physical Pages in Memory): 19

Cache Statistics
----------------
Reads: 304587
Writes: 195413

HWIVPT accesses: 586
HWIVPT hits: 217
HWIVPT misses (Page Faults): 369
HWIVPT hit ratio: 0.370
HWIVPT miss ratio: 0.630
L1 writebacks due to OS cache flush: 7314

TLB accesses: 500000
TLB hits: 499414
TLB misses (Translation Faults): 586
TLB hit ratio: 0.999
TLB miss ratio: 0.001

L1 accesses: 500000
L1 hits: 470412
L1 misses: 29588
L1 hit ratio: 0.941
L1 miss ratio: 0.059
L1 writebacks due user level conflicts: 6089
L1 average access time (AAT): 8.056

