Initital Cache Settings
--------------
(C,B,S): (12,5,x)
Assume Virtual Addresses
	log2(Page Size): 12
	log2(TLB entries): 7
	log2(Physical Pages in Memory): 20


Legalized Cache Settings
--------------
(C,B,S): (12,5,0)
Assume Virtual Addresses
	log2(Page Size): 12
	log2(TLB entries): 7
	log2(Physical Pages in Memory): 20

Cache Statistics
----------------
Reads: 304587
Writes: 195413

HWIVPT accesses: 623
HWIVPT hits: 155
HWIVPT misses (Page Faults): 468
HWIVPT hit ratio: 0.249
HWIVPT miss ratio: 0.751
L1 writebacks due to OS cache flush: 13336

TLB accesses: 500000
TLB hits: 499377
TLB misses (Translation Faults): 623
TLB hit ratio: 0.999
TLB miss ratio: 0.001

L1 accesses: 500000
L1 hits: 451389
L1 misses: 48611
L1 hit ratio: 0.903
L1 miss ratio: 0.097
L1 writebacks due user level conflicts: 12375
L1 average access time (AAT): 11.871

