Initital Cache Settings
--------------
(C,B,S): (15,6,x)
Assume Virtual Addresses
	log2(Page Size): 14
	log2(TLB entries): 5
	log2(Physical Pages in Memory): 18


Legalized Cache Settings
--------------
(C,B,S): (15,6,4)
Assume Virtual Addresses
	log2(Page Size): 14
	log2(TLB entries): 5
	log2(Physical Pages in Memory): 18

Cache Statistics
----------------
Reads: 304587
Writes: 195413

HWIVPT accesses: 1243
HWIVPT hits: 1007
HWIVPT misses (Page Faults): 236
HWIVPT hit ratio: 0.810
HWIVPT miss ratio: 0.190
L1 writebacks due to OS cache flush: 4939

TLB accesses: 500000
TLB hits: 498757
TLB misses (Translation Faults): 1243
TLB hit ratio: 0.998
TLB miss ratio: 0.002

L1 accesses: 500000
L1 hits: 489916
L1 misses: 10084
L1 hit ratio: 0.980
L1 miss ratio: 0.020
L1 writebacks due user level conflicts: 0
L1 average access time (AAT): 5.109

