Initital Cache Settings
--------------
(C,B,S): (13,7,x)
Assume Virtual Addresses
	log2(Page Size): 13
	log2(TLB entries): 5
	log2(Physical Pages in Memory): 19


Legalized Cache Settings
--------------
(C,B,S): (13,7,1)
Assume Virtual Addresses
	log2(Page Size): 13
	log2(TLB entries): 5
	log2(Physical Pages in Memory): 19

Cache Statistics
----------------
Reads: 304587
Writes: 195413

HWIVPT accesses: 1259
HWIVPT hits: 890
HWIVPT misses (Page Faults): 369
HWIVPT hit ratio: 0.707
HWIVPT miss ratio: 0.293
L1 writebacks due to OS cache flush: 5278

TLB accesses: 500000
TLB hits: 498741
TLB misses (Translation Faults): 1259
TLB hit ratio: 0.997
TLB miss ratio: 0.003

L1 accesses: 500000
L1 hits: 482052
L1 misses: 17948
L1 hit ratio: 0.964
L1 miss ratio: 0.036
L1 writebacks due user level conflicts: 2346
L1 average access time (AAT): 6.088

