Initital Cache Settings
--------------
(C,B,S): (15,5,x)
Assume Virtual Addresses
	log2(Page Size): 14
	log2(TLB entries): 6
	log2(Physical Pages in Memory): 18


Legalized Cache Settings
--------------
(C,B,S): (15,5,3)
Assume Virtual Addresses
	log2(Page Size): 14
	log2(TLB entries): 6
	log2(Physical Pages in Memory): 18

Cache Statistics
----------------
Reads: 304587
Writes: 195413

HWIVPT accesses: 1198
HWIVPT hits: 962
HWIVPT misses (Page Faults): 236
HWIVPT hit ratio: 0.803
HWIVPT miss ratio: 0.197
L1 writebacks due to OS cache flush: 9636

TLB accesses: 500000
TLB hits: 498802
TLB misses (Translation Faults): 1198
TLB hit ratio: 0.998
TLB miss ratio: 0.002

L1 accesses: 500000
L1 hits: 484168
L1 misses: 15832
L1 hit ratio: 0.968
L1 miss ratio: 0.032
L1 writebacks due user level conflicts: 0
L1 average access time (AAT): 6.048

