Initital Cache Settings
--------------
(C,B,S): (14,6,x)
Assume Virtual Addresses
	log2(Page Size): 14
	log2(TLB entries): 8
	log2(Physical Pages in Memory): 18


Legalized Cache Settings
--------------
(C,B,S): (14,6,0)
Assume Virtual Addresses
	log2(Page Size): 14
	log2(TLB entries): 8
	log2(Physical Pages in Memory): 18

Cache Statistics
----------------
Reads: 304587
Writes: 195413

HWIVPT accesses: 236
HWIVPT hits: 0
HWIVPT misses (Page Faults): 236
HWIVPT hit ratio: 0.000
HWIVPT miss ratio: 1.000
L1 writebacks due to OS cache flush: 5437

TLB accesses: 500000
TLB hits: 499764
TLB misses (Translation Faults): 236
TLB hit ratio: 1.000
TLB miss ratio: 0.000

L1 accesses: 500000
L1 hits: 480902
L1 misses: 19098
L1 hit ratio: 0.962
L1 miss ratio: 0.038
L1 writebacks due user level conflicts: 5725
L1 average access time (AAT): 5.875

