Initital Cache Settings
--------------
(C,B,S): (13,6,x)
Assume Virtual Addresses
	log2(Page Size): 12
	log2(TLB entries): 6
	log2(Physical Pages in Memory): 20


Legalized Cache Settings
--------------
(C,B,S): (13,6,1)
Assume Virtual Addresses
	log2(Page Size): 12
	log2(TLB entries): 6
	log2(Physical Pages in Memory): 20

Cache Statistics
----------------
Reads: 304587
Writes: 195413

HWIVPT accesses: 1228
HWIVPT hits: 760
HWIVPT misses (Page Faults): 468
HWIVPT hit ratio: 0.619
HWIVPT miss ratio: 0.381
L1 writebacks due to OS cache flush: 10583

TLB accesses: 500000
TLB hits: 498772
TLB misses (Translation Faults): 1228
TLB hit ratio: 0.998
TLB miss ratio: 0.002

L1 accesses: 500000
L1 hits: 475448
L1 misses: 24552
L1 hit ratio: 0.951
L1 miss ratio: 0.049
L1 writebacks due user level conflicts: 1696
L1 average access time (AAT): 7.404

