Initital Cache Settings
--------------
(C,B,S): (15,6,x)
Assume Virtual Addresses
	log2(Page Size): 14
	log2(TLB entries): 8
	log2(Physical Pages in Memory): 18


Legalized Cache Settings
--------------
(C,B,S): (15,6,1)
Assume Virtual Addresses
	log2(Page Size): 14
	log2(TLB entries): 8
	log2(Physical Pages in Memory): 18

Cache Statistics
----------------
Reads: 304587
Writes: 195413

HWIVPT accesses: 236
HWIVPT hits: 0
HWIVPT misses (Page Faults): 236
HWIVPT hit ratio: 0.000
HWIVPT miss ratio: 1.000
L1 writebacks due to OS cache flush: 6315

TLB accesses: 500000
TLB hits: 499764
TLB misses (Translation Faults): 236
TLB hit ratio: 1.000
TLB miss ratio: 0.000

L1 accesses: 500000
L1 hits: 488231
L1 misses: 11769
L1 hit ratio: 0.976
L1 miss ratio: 0.024
L1 writebacks due user level conflicts: 209
L1 average access time (AAT): 4.609

