Initital Cache Settings
--------------
(C,B,S): (13,5,x)
Assume Virtual Addresses
	log2(Page Size): 13
	log2(TLB entries): 7
	log2(Physical Pages in Memory): 19


Legalized Cache Settings
--------------
(C,B,S): (13,5,1)
Assume Virtual Addresses
	log2(Page Size): 13
	log2(TLB entries): 7
	log2(Physical Pages in Memory): 19

Cache Statistics
----------------
Reads: 304587
Writes: 195413

HWIVPT accesses: 586
HWIVPT hits: 217
HWIVPT misses (Page Faults): 369
HWIVPT hit ratio: 0.370
HWIVPT miss ratio: 0.630
L1 writebacks due to OS cache flush: 13443

TLB accesses: 500000
TLB hits: 499414
TLB misses (Translation Faults): 586
TLB hit ratio: 0.999
TLB miss ratio: 0.001

L1 accesses: 500000
L1 hits: 474022
L1 misses: 25978
L1 hit ratio: 0.948
L1 miss ratio: 0.052
L1 writebacks due user level conflicts: 1252
L1 average access time (AAT): 7.534

