Initital Cache Settings
--------------
(C,B,S): (14,7,x)
Assume Virtual Addresses
	log2(Page Size): 14
	log2(TLB entries): 5
	log2(Physical Pages in Memory): 18


Legalized Cache Settings
--------------
(C,B,S): (14,7,1)
Assume Virtual Addresses
	log2(Page Size): 14
	log2(TLB entries): 5
	log2(Physical Pages in Memory): 18

Cache Statistics
----------------
Reads: 332993
Writes: 167007

HWIVPT accesses: 170
HWIVPT hits: 0
HWIVPT misses (Page Faults): 170
HWIVPT hit ratio: 0.000
HWIVPT miss ratio: 1.000
L1 writebacks due to OS cache flush: 10539

TLB accesses: 500000
TLB hits: 499830
TLB misses (Translation Faults): 170
TLB hit ratio: 1.000
TLB miss ratio: 0.000

L1 accesses: 500000
L1 hits: 475439
L1 misses: 24561
L1 hit ratio: 0.951
L1 miss ratio: 0.049
L1 writebacks due user level conflicts: 3342
L1 average access time (AAT): 7.152

