Initital Cache Settings
--------------
(C,B,S): (15,7,x)
Assume Virtual Addresses
	log2(Page Size): 13
	log2(TLB entries): 5
	log2(Physical Pages in Memory): 19


Legalized Cache Settings
--------------
(C,B,S): (15,7,2)
Assume Virtual Addresses
	log2(Page Size): 13
	log2(TLB entries): 5
	log2(Physical Pages in Memory): 19

Cache Statistics
----------------
Reads: 332993
Writes: 167007

HWIVPT accesses: 336
HWIVPT hits: 0
HWIVPT misses (Page Faults): 336
HWIVPT hit ratio: 0.000
HWIVPT miss ratio: 1.000
L1 writebacks due to OS cache flush: 21430

TLB accesses: 500000
TLB hits: 499664
TLB misses (Translation Faults): 336
TLB hit ratio: 0.999
TLB miss ratio: 0.001

L1 accesses: 500000
L1 hits: 458046
L1 misses: 41954
L1 hit ratio: 0.916
L1 miss ratio: 0.084
L1 writebacks due user level conflicts: 0
L1 average access time (AAT): 10.870

