Initital Cache Settings
--------------
(C,B,S): (13,6,x)
Assume Virtual Addresses
	log2(Page Size): 13
	log2(TLB entries): 5
	log2(Physical Pages in Memory): 19


Legalized Cache Settings
--------------
(C,B,S): (13,6,1)
Assume Virtual Addresses
	log2(Page Size): 13
	log2(TLB entries): 5
	log2(Physical Pages in Memory): 19

Cache Statistics
----------------
Reads: 332993
Writes: 167007

HWIVPT accesses: 336
HWIVPT hits: 0
HWIVPT misses (Page Faults): 336
HWIVPT hit ratio: 0.000
HWIVPT miss ratio: 1.000
L1 writebacks due to OS cache flush: 21057

TLB accesses: 500000
TLB hits: 499664
TLB misses (Translation Faults): 336
TLB hit ratio: 0.999
TLB miss ratio: 0.001

L1 accesses: 500000
L1 hits: 445414
L1 misses: 54586
L1 hit ratio: 0.891
L1 miss ratio: 0.109
L1 writebacks due user level conflicts: 9533
L1 average access time (AAT): 13.196

