Initital Cache Settings
--------------
(C,B,S): (14,6,x)
Assume Virtual Addresses
	log2(Page Size): 14
	log2(TLB entries): 6
	log2(Physical Pages in Memory): 18


Legalized Cache Settings
--------------
(C,B,S): (14,6,0)
Assume Virtual Addresses
	log2(Page Size): 14
	log2(TLB entries): 6
	log2(Physical Pages in Memory): 18

Cache Statistics
----------------
Reads: 332993
Writes: 167007

HWIVPT accesses: 170
HWIVPT hits: 0
HWIVPT misses (Page Faults): 170
HWIVPT hit ratio: 0.000
HWIVPT miss ratio: 1.000
L1 writebacks due to OS cache flush: 31540

TLB accesses: 500000
TLB hits: 499830
TLB misses (Translation Faults): 170
TLB hit ratio: 1.000
TLB miss ratio: 0.000

L1 accesses: 500000
L1 hits: 433217
L1 misses: 66783
L1 hit ratio: 0.866
L1 miss ratio: 0.134
L1 writebacks due user level conflicts: 10832
L1 average access time (AAT): 15.396

