Initital Cache Settings
--------------
(C,B,S): (13,6,x)
Assume Virtual Addresses
	log2(Page Size): 12
	log2(TLB entries): 5
	log2(Physical Pages in Memory): 20


Legalized Cache Settings
--------------
(C,B,S): (13,6,2)
Assume Virtual Addresses
	log2(Page Size): 12
	log2(TLB entries): 5
	log2(Physical Pages in Memory): 20

Cache Statistics
----------------
Reads: 332993
Writes: 167007

HWIVPT accesses: 669
HWIVPT hits: 0
HWIVPT misses (Page Faults): 669
HWIVPT hit ratio: 0.000
HWIVPT miss ratio: 1.000
L1 writebacks due to OS cache flush: 26660

TLB accesses: 500000
TLB hits: 499331
TLB misses (Translation Faults): 669
TLB hit ratio: 0.999
TLB miss ratio: 0.001

L1 accesses: 500000
L1 hits: 445149
L1 misses: 54851
L1 hit ratio: 0.890
L1 miss ratio: 0.110
L1 writebacks due user level conflicts: 264
L1 average access time (AAT): 13.529

